\BOOKMARK [0][-]{chapter.7}{\376\377\000I\000n\000t\000r\000o\000d\000u\000c\000t\000i\000o\000n}{}% 1
\BOOKMARK [0][-]{chapter.8}{\376\377\000B\000a\000c\000k\000g\000r\000o\000u\000n\000d}{}% 2
\BOOKMARK [1][-]{section.9}{\376\377\000D\000e\000o\000x\000y\000r\000i\000b\000o\000n\000u\000c\000l\000e\000i\000c\000\040\000A\000c\000i\000d}{chapter.8}% 3
\BOOKMARK [1][-]{section.12}{\376\377\000D\000N\000A\000\040\000S\000e\000q\000u\000e\000n\000c\000i\000n\000g}{chapter.8}% 4
\BOOKMARK [1][-]{section.19}{\376\377\000N\000e\000x\000t\000-\000G\000e\000n\000e\000r\000a\000t\000i\000o\000n\000\040\000S\000e\000q\000u\000e\000n\000c\000i\000n\000g}{chapter.8}% 5
\BOOKMARK [1][-]{section.23}{\376\377\000N\000G\000S\000\040\000S\000e\000q\000u\000e\000n\000c\000e\000s\000\040\000E\000r\000r\000o\000r\000s\000\040\000C\000o\000r\000r\000e\000c\000t\000i\000o\000n}{chapter.8}% 6
\BOOKMARK [1][-]{section.24}{\376\377\000C\000o\000r\000r\000e\000c\000t\000i\000o\000n\000\040\000C\000o\000n\000c\000e\000p\000t\000s\000\040\000a\000n\000d\000\040\000D\000e\000f\000i\000n\000i\000t\000i\000o\000n\000s}{chapter.8}% 7
\BOOKMARK [0][-]{chapter.27}{\376\377\000R\000e\000l\000a\000t\000e\000d\000\040\000W\000o\000r\000k}{}% 8
\BOOKMARK [1][-]{section.28}{\376\377\000S\000u\000b\000s\000t\000i\000t\000u\000t\000i\000o\000n\000\040\000O\000n\000l\000y\000\040\000C\000o\000r\000r\000e\000c\000t\000i\000v\000e\000\040\000A\000l\000g\000o\000r\000i\000t\000h\000m\000s}{chapter.27}% 9
\BOOKMARK [2][-]{subsection.29}{\376\377\000E\000u\000l\000e\000r}{section.28}% 10
\BOOKMARK [2][-]{subsection.30}{\376\377\000V\000e\000l\000v\000e\000t}{section.28}% 11
\BOOKMARK [2][-]{subsection.31}{\376\377\000A\000l\000l\000P\000a\000t\000h\000s}{section.28}% 12
\BOOKMARK [2][-]{subsection.32}{\376\377\000S\000O\000A\000P}{section.28}% 13
\BOOKMARK [2][-]{subsection.33}{\376\377\000Q\000u\000a\000k\000e}{section.28}% 14
\BOOKMARK [2][-]{subsection.34}{\376\377\000R\000e\000p\000t\000i\000l\000e}{section.28}% 15
\BOOKMARK [2][-]{subsection.35}{\376\377\000H\000i\000T\000E\000C}{section.28}% 16
\BOOKMARK [2][-]{subsection.36}{\376\377\000R\000A\000C\000E\000R}{section.28}% 17
\BOOKMARK [2][-]{subsection.37}{\376\377\000P\000a\000r\000a\000l\000l\000e\000l\000\040\000E\000r\000r\000o\000r\000\040\000C\000o\000r\000r\000e\000c\000t\000i\000o\000n\000\040\000w\000i\000t\000h\000\040\000C\000U\000D\000A}{section.28}% 18
\BOOKMARK [2][-]{subsection.38}{\376\377\000E\000r\000r\000o\000r\000\040\000C\000o\000r\000r\000e\000c\000t\000o\000r}{section.28}% 19
\BOOKMARK [1][-]{section.40}{\376\377\000S\000u\000b\000s\000t\000i\000t\000u\000t\000i\000o\000n\000,\000\040\000I\000n\000s\000e\000r\000t\000i\000o\000n\000\040\000A\000n\000d\000\040\000D\000e\000l\000e\000t\000i\000o\000n\000\040\000C\000o\000r\000r\000e\000c\000t\000i\000v\000e\000\040\000A\000l\000g\000o\000r\000i\000t\000h\000m\000s}{chapter.27}% 20
\BOOKMARK [2][-]{subsection.41}{\376\377\000C\000o\000r\000a\000l}{section.40}% 21
\BOOKMARK [2][-]{subsection.45}{\376\377\000H\000S\000H\000R\000E\000C}{section.40}% 22
\BOOKMARK [2][-]{subsection.46}{\376\377\000P\000o\000l\000l\000u\000x}{section.40}% 23
\BOOKMARK [0][-]{chapter.48}{\376\377\000T\000h\000e\000\040\000F\000i\000r\000s\000t\000\040\000P\000r\000o\000p\000o\000s\000e\000d\000\040\000A\000l\000g\000o\000r\000i\000t\000h\000m}{}% 24
\BOOKMARK [1][-]{section.49}{\376\377\000M\000e\000t\000h\000o\000d\000o\000l\000o\000g\000y}{chapter.48}% 25
\BOOKMARK [1][-]{section.51}{\376\377\000E\000v\000a\000l\000u\000a\000t\000i\000o\000n}{chapter.48}% 26
\BOOKMARK [2][-]{subsection.52}{\376\377\000D\000a\000t\000a\000s\000e\000t\000s\000\040\000a\000n\000d\000\040\000P\000l\000a\000t\000f\000o\000r\000m}{section.51}% 27
\BOOKMARK [2][-]{subsection.54}{\376\377\000R\000e\000s\000u\000l\000t\000s\000\040\000a\000n\000d\000\040\000D\000i\000s\000c\000u\000s\000s\000i\000o\000n}{section.51}% 28
\BOOKMARK [0][-]{chapter.56}{\376\377\000T\000h\000e\000\040\000S\000e\000c\000o\000n\000d\000\040\000P\000r\000o\000p\000o\000s\000e\000d\000\040\000A\000l\000g\000o\000r\000i\000t\000h\000m}{}% 29
\BOOKMARK [0][-]{chapter.95}{\376\377\000E\000v\000a\000l\000u\000a\000t\000i\000o\000n}{}% 30
\BOOKMARK [1][-]{section.96}{\376\377\000D\000a\000t\000a\000s\000e\000t\000s\000\040\000a\000n\000d\000\040\000P\000l\000a\000t\000f\000o\000r\000m}{chapter.95}% 31
\BOOKMARK [1][-]{section.98}{\376\377\000R\000e\000s\000u\000l\000t\000s}{chapter.95}% 32
\BOOKMARK [0][-]{chapter.103}{\376\377\000C\000o\000n\000c\000l\000u\000s\000i\000o\000n\000\040\000a\000n\000d\000\040\000F\000u\000t\000u\000r\000e\000\040\000W\000o\000r\000k}{}% 33
