mktextfm ecrm1200
mktextfm ptmr8t
mktextfm ptmr8t
mktextfm ptmr8t
mktextfm ptmr8t
mktextfm ptmr8t
mktextfm ptmrc8t
mktextfm ptmrc8t
mktextfm ptmrc8t
mktextfm ptmrc8t
mktextfm ptmb8t
mktextfm nullfont
mktextfm ptmr8t
mktextfm ptmri8t
mktextfm zptmcm7t
mktextfm zptmcm7t
mktextfm zptmcm7t
mktextfm zptmcm7m
mktextfm zptmcm7m
mktextfm zptmcm7m
mktextfm zptmcm7y
mktextfm zptmcm7y
mktextfm zptmcm7y
mktextfm zptmcm7v
mktextfm zptmcm7v
mktextfm zptmcm7v
mktextfm ptmb7t
mktextfm nullfont
mktextfm ptmb7t
mktextfm nullfont
mktextfm ptmb7t
mktextfm nullfont
mktextfm ptmri7t
mktextfm ptmri7t
mktextfm ptmri7t
mktextfm ecrm1200
mktextfm ptmr8t
mktextfm ptmr8t
mktextfm ptmr8t
mktextfm ptmr8t
mktextfm ptmr8t
mktextfm ptmrc8t
mktextfm ptmrc8t
mktextfm ptmrc8t
mktextfm ptmrc8t
mktextfm ptmb8t
mktextfm nullfont
mktextfm ptmr8t
mktextfm ptmri8t
mktextfm zptmcm7t
mktextfm zptmcm7t
mktextfm zptmcm7t
mktextfm zptmcm7m
mktextfm zptmcm7m
mktextfm zptmcm7m
mktextfm zptmcm7y
mktextfm zptmcm7y
mktextfm zptmcm7y
mktextfm zptmcm7v
mktextfm zptmcm7v
mktextfm zptmcm7v
mktextfm ptmb7t
mktextfm nullfont
mktextfm ptmb7t
mktextfm nullfont
mktextfm ptmb7t
mktextfm nullfont
mktextfm ptmri7t
mktextfm ptmri7t
mktextfm ptmri7t
mktextfm ptmr7t
mktextfm ptmr7t
mktextfm ptmr7t
mktextfm ptmr7t
mktextfm ptmr7t
mktextfm ptmrc7t
mktextfm ptmrc7t
mktextfm ptmrc7t
mktextfm ptmrc7t
mktextfm ptmb7t
mktextfm nullfont
mktextfm ptmr7t
mktextfm ptmri7t
mktextfm zptmcm7t
mktextfm zptmcm7t
mktextfm zptmcm7t
mktextfm zptmcm7m
mktextfm zptmcm7m
mktextfm zptmcm7m
mktextfm zptmcm7y
mktextfm zptmcm7y
mktextfm zptmcm7y
mktextfm zptmcm7v
mktextfm zptmcm7v
mktextfm zptmcm7v
mktextfm ptmb7t
mktextfm nullfont
mktextfm ptmb7t
mktextfm nullfont
mktextfm ptmb7t
mktextfm nullfont
mktextfm ptmri7t
mktextfm ptmri7t
mktextfm ptmri7t
mktextfm Scheherazade/ICU
mktextfm Scheherazade/ICU
mktextfm Scheherazade/ICU
mktextfm Scheherazade/ICU
mktextfm Scheherazade/B/ICU
mktextfm Scheherazade/ICU
mktextfm Scheherazade/I/ICU
mktextfm Scheherazade/ICU
mktextfm Scheherazade/BI/ICU
mktextfm ecrm1000
mktextfm ecrm1000
mktextfm ecrm1000
mktextfm ecrm1000
mktextfm ecrm1000
